<?xml version="1.0" encoding="UTF-8"?>
<!-- Generated by org.testng.reporters.JUnitReportReporter -->
<testsuite hostname="DESKTOP-8MO0VGR" failures="0" tests="1" name="demo.ToaddScreenShortIntoReport" time="9.221" errors="0" timestamp="2025-01-22T22:04:17 IST" skipped="0">
  <testcase classname="demo.ToaddScreenShortIntoReport" name="addScreenshot" time="9.221"/>
  <system-out/>
</testsuite> <!-- demo.ToaddScreenShortIntoReport -->
